0 info it worked if it ends with ok
1 verbose cli [ '/usr/local/bin/node',
1 verbose cli   '/usr/local/lib/node_modules/npm/bin/npm-cli.js',
1 verbose cli   'run-script',
1 verbose cli   'build' ]
2 info using npm@4.0.2
3 info using node@v6.9.1
4 verbose run-script [ 'prebuild', 'build', 'postbuild' ]
5 info lifecycle html5-boilerplate@5.3.0~prebuild: html5-boilerplate@5.3.0
6 silly lifecycle html5-boilerplate@5.3.0~prebuild: no script for prebuild, continuing
7 info lifecycle html5-boilerplate@5.3.0~build: html5-boilerplate@5.3.0
8 verbose lifecycle html5-boilerplate@5.3.0~build: unsafe-perm in lifecycle true
9 verbose lifecycle html5-boilerplate@5.3.0~build: PATH: /usr/local/lib/node_modules/npm/bin/node-gyp-bin:/Users/rwolfson/Documents/gux/webpage/node_modules/.bin:/usr/local/bin:/usr/bin:/bin:/usr/sbin:/sbin
10 verbose lifecycle html5-boilerplate@5.3.0~build: CWD: /Users/rwolfson/Documents/gux/webpage
11 silly lifecycle html5-boilerplate@5.3.0~build: Args: [ '-c', 'gulp build' ]
12 info lifecycle html5-boilerplate@5.3.0~build: Failed to exec build script
13 verbose stack Error: html5-boilerplate@5.3.0 build: `gulp build`
13 verbose stack spawn ENOENT
13 verbose stack     at ChildProcess.<anonymous> (/usr/local/lib/node_modules/npm/lib/utils/spawn.js:33:16)
13 verbose stack     at emitTwo (events.js:106:13)
13 verbose stack     at ChildProcess.emit (events.js:191:7)
13 verbose stack     at maybeClose (internal/child_process.js:877:16)
13 verbose stack     at Process.ChildProcess._handle.onexit (internal/child_process.js:226:5)
14 verbose pkgid html5-boilerplate@5.3.0
15 verbose cwd /Users/rwolfson/Documents/gux/webpage
16 error Darwin 15.6.0
17 error argv "/usr/local/bin/node" "/usr/local/lib/node_modules/npm/bin/npm-cli.js" "run-script" "build"
18 error node v6.9.1
19 error npm  v4.0.2
20 error file sh
21 error code ELIFECYCLE
22 error errno ENOENT
23 error syscall spawn
24 error html5-boilerplate@5.3.0 build: `gulp build`
24 error spawn ENOENT
25 error Failed at the html5-boilerplate@5.3.0 build script 'gulp build'.
25 error Make sure you have the latest version of node.js and npm installed.
25 error If you do, this is most likely a problem with the html5-boilerplate package,
25 error not with npm itself.
25 error Tell the author that this fails on your system:
25 error     gulp build
25 error You can get information on how to open an issue for this project with:
25 error     npm bugs html5-boilerplate
25 error Or if that isn't available, you can get their info via:
25 error     npm owner ls html5-boilerplate
25 error There is likely additional logging output above.
26 verbose exit [ 1, true ]
